{"C:\\Users\\KIIT\\OneDrive\\Desktop\\certificates\\Keploy\\tasks\\task 2\\Project\\api-server\\controllers\\productController.js": {"path":"C:\\Users\\KIIT\\OneDrive\\Desktop\\certificates\\Keploy\\tasks\\task 2\\Project\\api-server\\controllers\\productController.js","statementMap":{"0":{"start":{"line":1,"column":16},"end":{"line":1,"column":53}},"1":{"start":{"line":4,"column":0},"end":{"line":29,"column":2}},"2":{"start":{"line":6,"column":2},"end":{"line":10,"column":3}},"3":{"start":{"line":7,"column":4},"end":{"line":9,"column":7}},"4":{"start":{"line":13,"column":18},"end":{"line":18,"column":4}},"5":{"start":{"line":21,"column":2},"end":{"line":28,"column":5}},"6":{"start":{"line":22,"column":4},"end":{"line":27,"column":24}},"7":{"start":{"line":23,"column":6},"end":{"line":26,"column":9}},"8":{"start":{"line":27,"column":9},"end":{"line":27,"column":24}},"9":{"start":{"line":32,"column":0},"end":{"line":41,"column":2}},"10":{"start":{"line":33,"column":2},"end":{"line":40,"column":5}},"11":{"start":{"line":34,"column":4},"end":{"line":39,"column":24}},"12":{"start":{"line":35,"column":6},"end":{"line":38,"column":9}},"13":{"start":{"line":39,"column":9},"end":{"line":39,"column":24}},"14":{"start":{"line":44,"column":0},"end":{"line":58,"column":2}},"15":{"start":{"line":45,"column":2},"end":{"line":57,"column":5}},"16":{"start":{"line":46,"column":4},"end":{"line":56,"column":26}},"17":{"start":{"line":47,"column":6},"end":{"line":55,"column":7}},"18":{"start":{"line":48,"column":8},"end":{"line":50,"column":11}},"19":{"start":{"line":52,"column":8},"end":{"line":54,"column":11}},"20":{"start":{"line":56,"column":11},"end":{"line":56,"column":26}},"21":{"start":{"line":61,"column":0},"end":{"line":86,"column":2}},"22":{"start":{"line":63,"column":2},"end":{"line":67,"column":3}},"23":{"start":{"line":64,"column":4},"end":{"line":66,"column":7}},"24":{"start":{"line":69,"column":2},"end":{"line":85,"column":4}},"25":{"start":{"line":73,"column":6},"end":{"line":83,"column":28}},"26":{"start":{"line":74,"column":8},"end":{"line":82,"column":9}},"27":{"start":{"line":75,"column":10},"end":{"line":77,"column":13}},"28":{"start":{"line":79,"column":10},"end":{"line":81,"column":13}},"29":{"start":{"line":83,"column":13},"end":{"line":83,"column":28}},"30":{"start":{"line":89,"column":0},"end":{"line":103,"column":2}},"31":{"start":{"line":90,"column":2},"end":{"line":102,"column":5}},"32":{"start":{"line":91,"column":4},"end":{"line":101,"column":70}},"33":{"start":{"line":92,"column":6},"end":{"line":100,"column":7}},"34":{"start":{"line":93,"column":8},"end":{"line":95,"column":11}},"35":{"start":{"line":97,"column":8},"end":{"line":99,"column":11}},"36":{"start":{"line":101,"column":11},"end":{"line":101,"column":70}}},"fnMap":{"0":{"name":"(anonymous_0)","decl":{"start":{"line":4,"column":17},"end":{"line":4,"column":18}},"loc":{"start":{"line":4,"column":31},"end":{"line":29,"column":1}},"line":4},"1":{"name":"(anonymous_1)","decl":{"start":{"line":21,"column":26},"end":{"line":21,"column":27}},"loc":{"start":{"line":21,"column":41},"end":{"line":28,"column":3}},"line":21},"2":{"name":"(anonymous_2)","decl":{"start":{"line":32,"column":18},"end":{"line":32,"column":19}},"loc":{"start":{"line":32,"column":32},"end":{"line":41,"column":1}},"line":32},"3":{"name":"(anonymous_3)","decl":{"start":{"line":33,"column":17},"end":{"line":33,"column":18}},"loc":{"start":{"line":33,"column":32},"end":{"line":40,"column":3}},"line":33},"4":{"name":"(anonymous_4)","decl":{"start":{"line":44,"column":18},"end":{"line":44,"column":19}},"loc":{"start":{"line":44,"column":32},"end":{"line":58,"column":1}},"line":44},"5":{"name":"(anonymous_5)","decl":{"start":{"line":45,"column":41},"end":{"line":45,"column":42}},"loc":{"start":{"line":45,"column":56},"end":{"line":57,"column":3}},"line":45},"6":{"name":"(anonymous_6)","decl":{"start":{"line":61,"column":17},"end":{"line":61,"column":18}},"loc":{"start":{"line":61,"column":31},"end":{"line":86,"column":1}},"line":61},"7":{"name":"(anonymous_7)","decl":{"start":{"line":72,"column":4},"end":{"line":72,"column":5}},"loc":{"start":{"line":72,"column":19},"end":{"line":84,"column":5}},"line":72},"8":{"name":"(anonymous_8)","decl":{"start":{"line":89,"column":17},"end":{"line":89,"column":18}},"loc":{"start":{"line":89,"column":31},"end":{"line":103,"column":1}},"line":89},"9":{"name":"(anonymous_9)","decl":{"start":{"line":90,"column":39},"end":{"line":90,"column":40}},"loc":{"start":{"line":90,"column":54},"end":{"line":102,"column":3}},"line":90}},"branchMap":{"0":{"loc":{"start":{"line":6,"column":2},"end":{"line":10,"column":3}},"type":"if","locations":[{"start":{"line":6,"column":2},"end":{"line":10,"column":3}},{"start":{},"end":{}}],"line":6},"1":{"loc":{"start":{"line":22,"column":4},"end":{"line":27,"column":24}},"type":"if","locations":[{"start":{"line":22,"column":4},"end":{"line":27,"column":24}},{"start":{"line":27,"column":9},"end":{"line":27,"column":24}}],"line":22},"2":{"loc":{"start":{"line":25,"column":10},"end":{"line":25,"column":74}},"type":"binary-expr","locations":[{"start":{"line":25,"column":10},"end":{"line":25,"column":21}},{"start":{"line":25,"column":25},"end":{"line":25,"column":74}}],"line":25},"3":{"loc":{"start":{"line":34,"column":4},"end":{"line":39,"column":24}},"type":"if","locations":[{"start":{"line":34,"column":4},"end":{"line":39,"column":24}},{"start":{"line":39,"column":9},"end":{"line":39,"column":24}}],"line":34},"4":{"loc":{"start":{"line":37,"column":10},"end":{"line":37,"column":73}},"type":"binary-expr","locations":[{"start":{"line":37,"column":10},"end":{"line":37,"column":21}},{"start":{"line":37,"column":25},"end":{"line":37,"column":73}}],"line":37},"5":{"loc":{"start":{"line":46,"column":4},"end":{"line":56,"column":26}},"type":"if","locations":[{"start":{"line":46,"column":4},"end":{"line":56,"column":26}},{"start":{"line":56,"column":11},"end":{"line":56,"column":26}}],"line":46},"6":{"loc":{"start":{"line":47,"column":6},"end":{"line":55,"column":7}},"type":"if","locations":[{"start":{"line":47,"column":6},"end":{"line":55,"column":7}},{"start":{"line":51,"column":13},"end":{"line":55,"column":7}}],"line":47},"7":{"loc":{"start":{"line":63,"column":2},"end":{"line":67,"column":3}},"type":"if","locations":[{"start":{"line":63,"column":2},"end":{"line":67,"column":3}},{"start":{},"end":{}}],"line":63},"8":{"loc":{"start":{"line":73,"column":6},"end":{"line":83,"column":28}},"type":"if","locations":[{"start":{"line":73,"column":6},"end":{"line":83,"column":28}},{"start":{"line":83,"column":13},"end":{"line":83,"column":28}}],"line":73},"9":{"loc":{"start":{"line":74,"column":8},"end":{"line":82,"column":9}},"type":"if","locations":[{"start":{"line":74,"column":8},"end":{"line":82,"column":9}},{"start":{"line":78,"column":15},"end":{"line":82,"column":9}}],"line":74},"10":{"loc":{"start":{"line":91,"column":4},"end":{"line":101,"column":70}},"type":"if","locations":[{"start":{"line":91,"column":4},"end":{"line":101,"column":70}},{"start":{"line":101,"column":11},"end":{"line":101,"column":70}}],"line":91},"11":{"loc":{"start":{"line":92,"column":6},"end":{"line":100,"column":7}},"type":"if","locations":[{"start":{"line":92,"column":6},"end":{"line":100,"column":7}},{"start":{"line":96,"column":13},"end":{"line":100,"column":7}}],"line":92}},"s":{"0":3,"1":3,"2":1,"3":1,"4":1,"5":0,"6":0,"7":0,"8":0,"9":3,"10":0,"11":0,"12":0,"13":0,"14":3,"15":0,"16":0,"17":0,"18":0,"19":0,"20":0,"21":3,"22":0,"23":0,"24":0,"25":0,"26":0,"27":0,"28":0,"29":0,"30":3,"31":0,"32":0,"33":0,"34":0,"35":0,"36":0},"f":{"0":1,"1":0,"2":0,"3":0,"4":0,"5":0,"6":0,"7":0,"8":0,"9":0},"b":{"0":[1,0],"1":[0,0],"2":[0,0],"3":[0,0],"4":[0,0],"5":[0,0],"6":[0,0],"7":[0,0],"8":[0,0],"9":[0,0],"10":[0,0],"11":[0,0]},"_coverageSchema":"1a1c01bbd47fc00a2c39e90264f33305004495a9","hash":"443eb69771518f6072da3fb6e420f37704fe3043"}
,"C:\\Users\\KIIT\\OneDrive\\Desktop\\certificates\\Keploy\\tasks\\task 2\\Project\\api-server\\models\\product.model.js": {"path":"C:\\Users\\KIIT\\OneDrive\\Desktop\\certificates\\Keploy\\tasks\\task 2\\Project\\api-server\\models\\product.model.js","statementMap":{"0":{"start":{"line":1,"column":12},"end":{"line":1,"column":38}},"1":{"start":{"line":4,"column":16},"end":{"line":9,"column":1}},"2":{"start":{"line":5,"column":2},"end":{"line":5,"column":27}},"3":{"start":{"line":6,"column":2},"end":{"line":6,"column":41}},"4":{"start":{"line":7,"column":2},"end":{"line":7,"column":29}},"5":{"start":{"line":8,"column":2},"end":{"line":8,"column":35}},"6":{"start":{"line":11,"column":0},"end":{"line":22,"column":2}},"7":{"start":{"line":12,"column":2},"end":{"line":21,"column":5}},"8":{"start":{"line":13,"column":4},"end":{"line":17,"column":5}},"9":{"start":{"line":14,"column":6},"end":{"line":14,"column":34}},"10":{"start":{"line":15,"column":6},"end":{"line":15,"column":24}},"11":{"start":{"line":16,"column":6},"end":{"line":16,"column":13}},"12":{"start":{"line":19,"column":4},"end":{"line":19,"column":74}},"13":{"start":{"line":20,"column":4},"end":{"line":20,"column":54}},"14":{"start":{"line":24,"column":0},"end":{"line":41,"column":2}},"15":{"start":{"line":25,"column":2},"end":{"line":40,"column":5}},"16":{"start":{"line":26,"column":4},"end":{"line":30,"column":5}},"17":{"start":{"line":27,"column":6},"end":{"line":27,"column":34}},"18":{"start":{"line":28,"column":6},"end":{"line":28,"column":24}},"19":{"start":{"line":29,"column":6},"end":{"line":29,"column":13}},"20":{"start":{"line":32,"column":4},"end":{"line":36,"column":5}},"21":{"start":{"line":33,"column":6},"end":{"line":33,"column":45}},"22":{"start":{"line":34,"column":6},"end":{"line":34,"column":27}},"23":{"start":{"line":35,"column":6},"end":{"line":35,"column":13}},"24":{"start":{"line":39,"column":4},"end":{"line":39,"column":40}},"25":{"start":{"line":43,"column":0},"end":{"line":54,"column":2}},"26":{"start":{"line":44,"column":2},"end":{"line":53,"column":5}},"27":{"start":{"line":45,"column":4},"end":{"line":49,"column":5}},"28":{"start":{"line":46,"column":6},"end":{"line":46,"column":34}},"29":{"start":{"line":47,"column":6},"end":{"line":47,"column":24}},"30":{"start":{"line":48,"column":6},"end":{"line":48,"column":13}},"31":{"start":{"line":51,"column":4},"end":{"line":51,"column":35}},"32":{"start":{"line":52,"column":4},"end":{"line":52,"column":22}},"33":{"start":{"line":56,"column":0},"end":{"line":77,"column":2}},"34":{"start":{"line":57,"column":2},"end":{"line":76,"column":4}},"35":{"start":{"line":61,"column":6},"end":{"line":65,"column":7}},"36":{"start":{"line":62,"column":8},"end":{"line":62,"column":36}},"37":{"start":{"line":63,"column":8},"end":{"line":63,"column":26}},"38":{"start":{"line":64,"column":8},"end":{"line":64,"column":15}},"39":{"start":{"line":67,"column":6},"end":{"line":71,"column":7}},"40":{"start":{"line":69,"column":8},"end":{"line":69,"column":44}},"41":{"start":{"line":70,"column":8},"end":{"line":70,"column":15}},"42":{"start":{"line":73,"column":6},"end":{"line":73,"column":63}},"43":{"start":{"line":74,"column":6},"end":{"line":74,"column":43}},"44":{"start":{"line":79,"column":0},"end":{"line":96,"column":2}},"45":{"start":{"line":80,"column":2},"end":{"line":95,"column":5}},"46":{"start":{"line":81,"column":4},"end":{"line":85,"column":5}},"47":{"start":{"line":82,"column":6},"end":{"line":82,"column":34}},"48":{"start":{"line":83,"column":6},"end":{"line":83,"column":24}},"49":{"start":{"line":84,"column":6},"end":{"line":84,"column":13}},"50":{"start":{"line":87,"column":4},"end":{"line":91,"column":5}},"51":{"start":{"line":89,"column":6},"end":{"line":89,"column":42}},"52":{"start":{"line":90,"column":6},"end":{"line":90,"column":13}},"53":{"start":{"line":93,"column":4},"end":{"line":93,"column":49}},"54":{"start":{"line":94,"column":4},"end":{"line":94,"column":22}},"55":{"start":{"line":98,"column":0},"end":{"line":98,"column":25}}},"fnMap":{"0":{"name":"(anonymous_0)","decl":{"start":{"line":4,"column":16},"end":{"line":4,"column":17}},"loc":{"start":{"line":4,"column":34},"end":{"line":9,"column":1}},"line":4},"1":{"name":"(anonymous_1)","decl":{"start":{"line":11,"column":17},"end":{"line":11,"column":18}},"loc":{"start":{"line":11,"column":41},"end":{"line":22,"column":1}},"line":11},"2":{"name":"(anonymous_2)","decl":{"start":{"line":12,"column":54},"end":{"line":12,"column":55}},"loc":{"start":{"line":12,"column":68},"end":{"line":21,"column":3}},"line":12},"3":{"name":"(anonymous_3)","decl":{"start":{"line":24,"column":19},"end":{"line":24,"column":20}},"loc":{"start":{"line":24,"column":42},"end":{"line":41,"column":1}},"line":24},"4":{"name":"(anonymous_4)","decl":{"start":{"line":25,"column":62},"end":{"line":25,"column":63}},"loc":{"start":{"line":25,"column":76},"end":{"line":40,"column":3}},"line":25},"5":{"name":"(anonymous_5)","decl":{"start":{"line":43,"column":17},"end":{"line":43,"column":18}},"loc":{"start":{"line":43,"column":27},"end":{"line":54,"column":1}},"line":43},"6":{"name":"(anonymous_6)","decl":{"start":{"line":44,"column":38},"end":{"line":44,"column":39}},"loc":{"start":{"line":44,"column":52},"end":{"line":53,"column":3}},"line":44},"7":{"name":"(anonymous_7)","decl":{"start":{"line":56,"column":21},"end":{"line":56,"column":22}},"loc":{"start":{"line":56,"column":46},"end":{"line":77,"column":1}},"line":56},"8":{"name":"(anonymous_8)","decl":{"start":{"line":60,"column":4},"end":{"line":60,"column":5}},"loc":{"start":{"line":60,"column":18},"end":{"line":75,"column":5}},"line":60},"9":{"name":"(anonymous_9)","decl":{"start":{"line":79,"column":17},"end":{"line":79,"column":18}},"loc":{"start":{"line":79,"column":33},"end":{"line":96,"column":1}},"line":79},"10":{"name":"(anonymous_10)","decl":{"start":{"line":80,"column":53},"end":{"line":80,"column":54}},"loc":{"start":{"line":80,"column":67},"end":{"line":95,"column":3}},"line":80}},"branchMap":{"0":{"loc":{"start":{"line":13,"column":4},"end":{"line":17,"column":5}},"type":"if","locations":[{"start":{"line":13,"column":4},"end":{"line":17,"column":5}},{"start":{},"end":{}}],"line":13},"1":{"loc":{"start":{"line":26,"column":4},"end":{"line":30,"column":5}},"type":"if","locations":[{"start":{"line":26,"column":4},"end":{"line":30,"column":5}},{"start":{},"end":{}}],"line":26},"2":{"loc":{"start":{"line":32,"column":4},"end":{"line":36,"column":5}},"type":"if","locations":[{"start":{"line":32,"column":4},"end":{"line":36,"column":5}},{"start":{},"end":{}}],"line":32},"3":{"loc":{"start":{"line":45,"column":4},"end":{"line":49,"column":5}},"type":"if","locations":[{"start":{"line":45,"column":4},"end":{"line":49,"column":5}},{"start":{},"end":{}}],"line":45},"4":{"loc":{"start":{"line":61,"column":6},"end":{"line":65,"column":7}},"type":"if","locations":[{"start":{"line":61,"column":6},"end":{"line":65,"column":7}},{"start":{},"end":{}}],"line":61},"5":{"loc":{"start":{"line":67,"column":6},"end":{"line":71,"column":7}},"type":"if","locations":[{"start":{"line":67,"column":6},"end":{"line":71,"column":7}},{"start":{},"end":{}}],"line":67},"6":{"loc":{"start":{"line":81,"column":4},"end":{"line":85,"column":5}},"type":"if","locations":[{"start":{"line":81,"column":4},"end":{"line":85,"column":5}},{"start":{},"end":{}}],"line":81},"7":{"loc":{"start":{"line":87,"column":4},"end":{"line":91,"column":5}},"type":"if","locations":[{"start":{"line":87,"column":4},"end":{"line":91,"column":5}},{"start":{},"end":{}}],"line":87}},"s":{"0":3,"1":3,"2":0,"3":0,"4":0,"5":0,"6":3,"7":2,"8":2,"9":1,"10":1,"11":1,"12":1,"13":1,"14":3,"15":3,"16":3,"17":1,"18":1,"19":1,"20":2,"21":1,"22":1,"23":1,"24":1,"25":3,"26":3,"27":3,"28":1,"29":1,"30":1,"31":2,"32":2,"33":3,"34":3,"35":3,"36":1,"37":1,"38":1,"39":2,"40":1,"41":1,"42":1,"43":1,"44":3,"45":3,"46":3,"47":1,"48":1,"49":1,"50":2,"51":1,"52":1,"53":1,"54":1,"55":3},"f":{"0":0,"1":2,"2":2,"3":3,"4":3,"5":3,"6":3,"7":3,"8":3,"9":3,"10":3},"b":{"0":[1,1],"1":[1,2],"2":[1,1],"3":[1,2],"4":[1,2],"5":[1,1],"6":[1,2],"7":[1,1]},"_coverageSchema":"1a1c01bbd47fc00a2c39e90264f33305004495a9","hash":"162138fbdaed9054f62eef59c1a1e2f96ec41262"}
,"C:\\Users\\KIIT\\OneDrive\\Desktop\\certificates\\Keploy\\tasks\\task 2\\Project\\api-server\\routes\\product.routes.js": {"path":"C:\\Users\\KIIT\\OneDrive\\Desktop\\certificates\\Keploy\\tasks\\task 2\\Project\\api-server\\routes\\product.routes.js","statementMap":{"0":{"start":{"line":1,"column":0},"end":{"line":18,"column":2}},"1":{"start":{"line":2,"column":19},"end":{"line":2,"column":65}},"2":{"start":{"line":5,"column":2},"end":{"line":5,"column":45}},"3":{"start":{"line":8,"column":2},"end":{"line":8,"column":45}},"4":{"start":{"line":11,"column":2},"end":{"line":11,"column":56}},"5":{"start":{"line":14,"column":2},"end":{"line":14,"column":55}},"6":{"start":{"line":17,"column":2},"end":{"line":17,"column":58}}},"fnMap":{"0":{"name":"(anonymous_0)","decl":{"start":{"line":1,"column":17},"end":{"line":1,"column":18}},"loc":{"start":{"line":1,"column":24},"end":{"line":18,"column":1}},"line":1}},"branchMap":{},"s":{"0":2,"1":2,"2":2,"3":2,"4":2,"5":2,"6":2},"f":{"0":2},"b":{},"_coverageSchema":"1a1c01bbd47fc00a2c39e90264f33305004495a9","hash":"31e13d64d33d4dca10a77260cf4579d6899500af"}
}
