TN:
SF:controllers\productController.js
FN:4,(anonymous_0)
FN:21,(anonymous_1)
FN:32,(anonymous_2)
FN:33,(anonymous_3)
FN:44,(anonymous_4)
FN:45,(anonymous_5)
FN:61,(anonymous_6)
FN:72,(anonymous_7)
FN:89,(anonymous_8)
FN:90,(anonymous_9)
FNF:10
FNH:1
FNDA:1,(anonymous_0)
FNDA:0,(anonymous_1)
FNDA:0,(anonymous_2)
FNDA:0,(anonymous_3)
FNDA:0,(anonymous_4)
FNDA:0,(anonymous_5)
FNDA:0,(anonymous_6)
FNDA:0,(anonymous_7)
FNDA:0,(anonymous_8)
FNDA:0,(anonymous_9)
DA:1,3
DA:4,3
DA:6,1
DA:7,1
DA:13,1
DA:21,0
DA:22,0
DA:23,0
DA:27,0
DA:32,3
DA:33,0
DA:34,0
DA:35,0
DA:39,0
DA:44,3
DA:45,0
DA:46,0
DA:47,0
DA:48,0
DA:52,0
DA:56,0
DA:61,3
DA:63,0
DA:64,0
DA:69,0
DA:73,0
DA:74,0
DA:75,0
DA:79,0
DA:83,0
DA:89,3
DA:90,0
DA:91,0
DA:92,0
DA:93,0
DA:97,0
DA:101,0
LF:37
LH:9
BRDA:6,0,0,1
BRDA:6,0,1,0
BRDA:22,1,0,0
BRDA:22,1,1,0
BRDA:25,2,0,0
BRDA:25,2,1,0
BRDA:34,3,0,0
BRDA:34,3,1,0
BRDA:37,4,0,0
BRDA:37,4,1,0
BRDA:46,5,0,0
BRDA:46,5,1,0
BRDA:47,6,0,0
BRDA:47,6,1,0
BRDA:63,7,0,0
BRDA:63,7,1,0
BRDA:73,8,0,0
BRDA:73,8,1,0
BRDA:74,9,0,0
BRDA:74,9,1,0
BRDA:91,10,0,0
BRDA:91,10,1,0
BRDA:92,11,0,0
BRDA:92,11,1,0
BRF:24
BRH:1
end_of_record
TN:
SF:models\product.model.js
FN:4,(anonymous_0)
FN:11,(anonymous_1)
FN:12,(anonymous_2)
FN:24,(anonymous_3)
FN:25,(anonymous_4)
FN:43,(anonymous_5)
FN:44,(anonymous_6)
FN:56,(anonymous_7)
FN:60,(anonymous_8)
FN:79,(anonymous_9)
FN:80,(anonymous_10)
FNF:11
FNH:10
FNDA:0,(anonymous_0)
FNDA:2,(anonymous_1)
FNDA:2,(anonymous_2)
FNDA:3,(anonymous_3)
FNDA:3,(anonymous_4)
FNDA:3,(anonymous_5)
FNDA:3,(anonymous_6)
FNDA:3,(anonymous_7)
FNDA:3,(anonymous_8)
FNDA:3,(anonymous_9)
FNDA:3,(anonymous_10)
DA:1,3
DA:4,3
DA:5,0
DA:6,0
DA:7,0
DA:8,0
DA:11,3
DA:12,2
DA:13,2
DA:14,1
DA:15,1
DA:16,1
DA:19,1
DA:20,1
DA:24,3
DA:25,3
DA:26,3
DA:27,1
DA:28,1
DA:29,1
DA:32,2
DA:33,1
DA:34,1
DA:35,1
DA:39,1
DA:43,3
DA:44,3
DA:45,3
DA:46,1
DA:47,1
DA:48,1
DA:51,2
DA:52,2
DA:56,3
DA:57,3
DA:61,3
DA:62,1
DA:63,1
DA:64,1
DA:67,2
DA:69,1
DA:70,1
DA:73,1
DA:74,1
DA:79,3
DA:80,3
DA:81,3
DA:82,1
DA:83,1
DA:84,1
DA:87,2
DA:89,1
DA:90,1
DA:93,1
DA:94,1
DA:98,3
LF:56
LH:52
BRDA:13,0,0,1
BRDA:13,0,1,1
BRDA:26,1,0,1
BRDA:26,1,1,2
BRDA:32,2,0,1
BRDA:32,2,1,1
BRDA:45,3,0,1
BRDA:45,3,1,2
BRDA:61,4,0,1
BRDA:61,4,1,2
BRDA:67,5,0,1
BRDA:67,5,1,1
BRDA:81,6,0,1
BRDA:81,6,1,2
BRDA:87,7,0,1
BRDA:87,7,1,1
BRF:16
BRH:16
end_of_record
TN:
SF:routes\product.routes.js
FN:1,(anonymous_0)
FNF:1
FNH:1
FNDA:2,(anonymous_0)
DA:1,2
DA:2,2
DA:5,2
DA:8,2
DA:11,2
DA:14,2
DA:17,2
LF:7
LH:7
BRF:0
BRH:0
end_of_record
